<?xml version="1.0" encoding="utf-8"?><testsuites name="pytest tests"><testsuite name="pytest" errors="0" failures="0" skipped="0" tests="29" time="19.729" timestamp="2026-09-08T06:42:51.999594+00:00" hostname="agent-env-063094db-01fa-40c3-b295-3bce7899da87"><testcase classname="backend.tests.backend_test.TestHealth" name="test_health" time="0.174" /><testcase classname="backend.tests.backend_test.TestHealth" name="test_google_not_configured" time="0.076" /><testcase classname="backend.tests.backend_test.TestRegistration" name="test_full_register_flow_and_starter_categories" time="0.456" /><testcase classname="backend.tests.backend_test.TestRegistration" name="test_duplicate_email_conflict" time="0.540" /><testcase classname="backend.tests.backend_test.TestRegistration" name="test_short_password_422" time="0.074" /><testcase classname="backend.tests.backend_test.TestRegistration" name="test_wrong_otp_400_and_5_fails_429" time="0.768" /><testcase classname="backend.tests.backend_test.TestLogin" name="test_login_success" time="0.301" /><testcase classname="backend.tests.backend_test.TestLogin" name="test_login_wrong_password" time="0.672" /><testcase classname="backend.tests.backend_test.TestLogin" name="test_5_fails_then_lockout" time="3.130" /><testcase classname="backend.tests.backend_test.TestTokens" name="test_refresh_rotation_and_reuse_denied" time="0.531" /><testcase classname="backend.tests.backend_test.TestTokens" name="test_logout_revokes" time="0.521" /><testcase classname="backend.tests.backend_test.TestMe" name="test_me_requires_auth" time="0.074" /><testcase classname="backend.tests.backend_test.TestMe" name="test_me_returns_no_password_hash" time="0.074" /><testcase classname="backend.tests.backend_test.TestMe" name="test_patch_me_merges_aliases" time="0.450" /><testcase classname="backend.tests.backend_test.TestMe" name="test_change_password_requires_current" time="1.795" /><testcase classname="backend.tests.backend_test.TestReset" name="test_forgot_unknown_email_200_no_dev_otp" time="0.078" /><testcase classname="backend.tests.backend_test.TestReset" name="test_forgot_then_reset_flow" time="1.428" /><testcase classname="backend.tests.backend_test.TestLedgerCRUD" name="test_client_supplied_id_and_conflict" time="0.652" /><testcase classname="backend.tests.backend_test.TestLedgerCRUD" name="test_account_crud_soft_delete" time="0.451" /><testcase classname="backend.tests.backend_test.TestLedgerCRUD" name="test_card_crud" time="0.149" /><testcase classname="backend.tests.backend_test.TestLedgerCRUD" name="test_category_and_subcategory" time="0.374" /><testcase classname="backend.tests.backend_test.TestLedgerCRUD" name="test_transactions_and_filters" time="0.532" /><testcase classname="backend.tests.backend_test.TestLedgerCRUD" name="test_budgets_put_upserts" time="0.224" /><testcase classname="backend.tests.backend_test.TestLedgerCRUD" name="test_per_user_scope" time="0.605" /><testcase classname="backend.tests.backend_test.TestSync" name="test_pull_push_tombstone_and_lww" time="3.182" /><testcase classname="backend.tests.backend_test.TestExport" name="test_export_json" time="0.078" /><testcase classname="backend.tests.backend_test.TestExport" name="test_export_csv" time="0.607" /><testcase classname="backend.tests.backend_test.TestDataMgmt" name="test_reset_data_restores_11_categories" time="0.792" /><testcase classname="backend.tests.backend_test.TestDataMgmt" name="test_delete_me_then_login_fails" time="0.825" /></testsuite></testsuites>